Build started 18/6/15 下午 02:51:13.
     1>Project "G:\GitHub\FasTC\build\PVRTCEncoder\PVRTCEncoder.vcxproj" on node 4 (Build target(s)).
     1>CustomBuild:
         Building Custom Rule G:/GitHub/FasTC/src/PVRTCEncoder/CMakeLists.txt
         CMake does not need to re-run because G:\GitHub\FasTC\build\PVRTCEncoder\CMakeFiles\generate.stamp is up-to-date.
       ClCompile:
         E:\Program Files\VS2013\VC\bin\CL.exe /c /IG:\GitHub\FasTC\src\PVRTCEncoder\include /IG:\GitHub\FasTC\build\PVRTCEncoder\include /IG:\GitHub\FasTC\src\Base\include /IG:\GitHub\FasTC\build\Base\include /Zi /nologo /W3 /WX- /Od /Ob0 /Oy- /D WIN32 /D _WINDOWS /D _DEBUG /D "CMAKE_INTDIR=\"Debug\"" /D _MBCS /Gm- /EHsc /RTC1 /MDd /GS /fp:precise /Zc:wchar_t /Zc:forScope /GR /Fo"PVRTCEncoder.dir\Debug\\" /Fd"PVRTCEncoder.dir\Debug\vc120.pdb" /Gd /TP /analyze- /errorReport:prompt G:\GitHub\FasTC\src\PVRTCEncoder\src\Compressor.cpp G:\GitHub\FasTC\src\PVRTCEncoder\src\Decompressor.cpp G:\GitHub\FasTC\src\PVRTCEncoder\src\Block.cpp G:\GitHub\FasTC\src\PVRTCEncoder\src\PVRTCImage.cpp
         Compressor.cpp
         Decompressor.cpp
         Block.cpp
         PVRTCImage.cpp
         Generating Code...
       Lib:
         E:\Program Files\VS2013\VC\bin\Lib.exe /OUT:"G:\GitHub\FasTC\build\PVRTCEncoder\Debug\PVRTCEncoder.lib" /NOLOGO  /machine:X86 PVRTCEncoder.dir\Debug\Compressor.obj
         PVRTCEncoder.dir\Debug\Decompressor.obj
         PVRTCEncoder.dir\Debug\Block.obj
         PVRTCEncoder.dir\Debug\PVRTCImage.obj
         PVRTCEncoder.vcxproj -> G:\GitHub\FasTC\build\PVRTCEncoder\Debug\PVRTCEncoder.lib
     1>Done Building Project "G:\GitHub\FasTC\build\PVRTCEncoder\PVRTCEncoder.vcxproj" (Build target(s)).

Build succeeded.

Time Elapsed 00:00:01.70
