Build started 18/6/15 下午 02:53:17.
     1>Project "G:\GitHub\FasTC\build\Base\FasTCBase.vcxproj" on node 2 (Build target(s)).
     1>CustomBuild:
         Building Custom Rule G:/GitHub/FasTC/src/Base/CMakeLists.txt
         CMake does not need to re-run because G:\GitHub\FasTC\build\Base\CMakeFiles\generate.stamp is up-to-date.
       ClCompile:
         E:\Program Files\VS2013\VC\bin\CL.exe /c /IG:\GitHub\FasTC\src\Base\include /IG:\GitHub\FasTC\build\Base\include /Zi /nologo /W3 /WX- /Od /Ob0 /Oy- /D WIN32 /D _WINDOWS /D _DEBUG /D "CMAKE_INTDIR=\"Debug\"" /D _MBCS /Gm- /EHsc /RTC1 /MDd /GS /fp:precise /Zc:wchar_t /Zc:forScope /GR /Fo"FasTCBase.dir\Debug\\" /Fd"FasTCBase.dir\Debug\vc120.pdb" /Gd /TP /analyze- /errorReport:prompt G:\GitHub\FasTC\src\Base\src\Image.cpp G:\GitHub\FasTC\src\Base\src\CompressionJob.cpp G:\GitHub\FasTC\src\Base\src\Pixel.cpp G:\GitHub\FasTC\src\Base\src\IPixel.cpp G:\GitHub\FasTC\src\Base\src\Color.cpp
         Image.cpp
         CompressionJob.cpp
     1>G:\GitHub\FasTC\src\Base\src\CompressionJob.cpp(35): warning C4316: 'FasTC::CompressionJobList::FinishedFlag' : object allocated on the heap may not be aligned 32
     1>G:\GitHub\FasTC\src\Base\src\CompressionJob.cpp(57): warning C4316: 'FasTC::CompressionJobList::FinishedFlag' : object allocated on the heap may not be aligned 32
     1>G:\GitHub\FasTC\src\Base\src\CompressionJob.cpp(77): warning C4316: 'FasTC::CompressionJobList::FinishedFlag' : object allocated on the heap may not be aligned 32
         Pixel.cpp
         IPixel.cpp
         Color.cpp
         Generating Code...
       Lib:
         E:\Program Files\VS2013\VC\bin\Lib.exe /OUT:"G:\GitHub\FasTC\build\Base\Debug\FasTCBase.lib" /NOLOGO  /machine:X86 FasTCBase.dir\Debug\Image.obj
         FasTCBase.dir\Debug\CompressionJob.obj
         FasTCBase.dir\Debug\Pixel.obj
         FasTCBase.dir\Debug\IPixel.obj
         FasTCBase.dir\Debug\Color.obj
         FasTCBase.vcxproj -> G:\GitHub\FasTC\build\Base\Debug\FasTCBase.lib
     1>Done Building Project "G:\GitHub\FasTC\build\Base\FasTCBase.vcxproj" (Build target(s)).

Build succeeded.

Time Elapsed 00:00:00.83
